C:\USERS\ASH\DOCUMENTS\VISUAL STUDIO 2010\PROJECTS\COLLISION DOMAIN - COPY\COLLISION DOMAIN\DEBUG\BULLETBUGGYCAR.OBJ
C:\USERS\ASH\DOCUMENTS\VISUAL STUDIO 2010\PROJECTS\COLLISION DOMAIN - COPY\COLLISION DOMAIN\DEBUG\CAR.OBJ
C:\USERS\ASH\DOCUMENTS\VISUAL STUDIO 2010\PROJECTS\COLLISION DOMAIN - COPY\COLLISION DOMAIN\DEBUG\CIRCULARBUFFER.OBJ
C:\Users\Ash\Documents\Visual Studio 2010\Projects\Collision Domain - Copy\Collision Domain\Debug\cl.command.1.tlog
C:\Users\Ash\Documents\Visual Studio 2010\Projects\Collision Domain - Copy\Collision Domain\Debug\CL.read.1.tlog
C:\Users\Ash\Documents\Visual Studio 2010\Projects\Collision Domain - Copy\Collision Domain\Debug\CL.write.1.tlog
C:\Users\Ash\Documents\Visual Studio 2010\Projects\Collision Domain - Copy\Collision Domain\Debug\Collision Domain.exe.embed.manifest
C:\USERS\ASH\DOCUMENTS\VISUAL STUDIO 2010\PROJECTS\COLLISION DOMAIN - COPY\COLLISION DOMAIN\DEBUG\COLLISION DOMAIN.EXE.EMBED.MANIFEST.RES
C:\USERS\ASH\DOCUMENTS\VISUAL STUDIO 2010\PROJECTS\COLLISION DOMAIN - COPY\COLLISION DOMAIN\DEBUG\COLLISION DOMAIN.EXE.INTERMEDIATE.MANIFEST
C:\Users\Ash\Documents\Visual Studio 2010\Projects\Collision Domain - Copy\Collision Domain\Debug\Collision Domain.write.1.tlog
C:\Users\Ash\Documents\Visual Studio 2010\Projects\Collision Domain - Copy\Collision Domain\Debug\Collision Domain_manifest.rc
C:\USERS\ASH\DOCUMENTS\VISUAL STUDIO 2010\PROJECTS\COLLISION DOMAIN - COPY\COLLISION DOMAIN\DEBUG\FRAME.OBJ
C:\USERS\ASH\DOCUMENTS\VISUAL STUDIO 2010\PROJECTS\COLLISION DOMAIN - COPY\COLLISION DOMAIN\DEBUG\GRAPHICSAPPLICATION.OBJ
C:\USERS\ASH\DOCUMENTS\VISUAL STUDIO 2010\PROJECTS\COLLISION DOMAIN - COPY\COLLISION DOMAIN\DEBUG\GRAPHICSCORE.OBJ
C:\USERS\ASH\DOCUMENTS\VISUAL STUDIO 2010\PROJECTS\COLLISION DOMAIN - COPY\COLLISION DOMAIN\DEBUG\INPUT.OBJ
C:\USERS\ASH\DOCUMENTS\VISUAL STUDIO 2010\PROJECTS\COLLISION DOMAIN - COPY\COLLISION DOMAIN\DEBUG\INPUTSTATE.OBJ
C:\Users\Ash\Documents\Visual Studio 2010\Projects\Collision Domain - Copy\Collision Domain\Debug\link.2072.read.1.tlog
C:\Users\Ash\Documents\Visual Studio 2010\Projects\Collision Domain - Copy\Collision Domain\Debug\link.2072.write.1.tlog
C:\Users\Ash\Documents\Visual Studio 2010\Projects\Collision Domain - Copy\Collision Domain\Debug\link.2072-cvtres.read.1.tlog
C:\Users\Ash\Documents\Visual Studio 2010\Projects\Collision Domain - Copy\Collision Domain\Debug\link.2072-cvtres.write.1.tlog
C:\Users\Ash\Documents\Visual Studio 2010\Projects\Collision Domain - Copy\Collision Domain\Debug\link.2136.read.1.tlog
C:\Users\Ash\Documents\Visual Studio 2010\Projects\Collision Domain - Copy\Collision Domain\Debug\link.2136.write.1.tlog
C:\Users\Ash\Documents\Visual Studio 2010\Projects\Collision Domain - Copy\Collision Domain\Debug\link.2136-cvtres.read.1.tlog
C:\Users\Ash\Documents\Visual Studio 2010\Projects\Collision Domain - Copy\Collision Domain\Debug\link.2136-cvtres.write.1.tlog
C:\Users\Ash\Documents\Visual Studio 2010\Projects\Collision Domain - Copy\Collision Domain\Debug\link.2692.read.1.tlog
C:\Users\Ash\Documents\Visual Studio 2010\Projects\Collision Domain - Copy\Collision Domain\Debug\link.2692.write.1.tlog
C:\Users\Ash\Documents\Visual Studio 2010\Projects\Collision Domain - Copy\Collision Domain\Debug\link.2692-cvtres.read.1.tlog
C:\Users\Ash\Documents\Visual Studio 2010\Projects\Collision Domain - Copy\Collision Domain\Debug\link.2692-cvtres.write.1.tlog
C:\Users\Ash\Documents\Visual Studio 2010\Projects\Collision Domain - Copy\Collision Domain\Debug\link.2912.read.1.tlog
C:\Users\Ash\Documents\Visual Studio 2010\Projects\Collision Domain - Copy\Collision Domain\Debug\link.2912.write.1.tlog
C:\Users\Ash\Documents\Visual Studio 2010\Projects\Collision Domain - Copy\Collision Domain\Debug\link.2912-cvtres.read.1.tlog
C:\Users\Ash\Documents\Visual Studio 2010\Projects\Collision Domain - Copy\Collision Domain\Debug\link.2912-cvtres.write.1.tlog
C:\Users\Ash\Documents\Visual Studio 2010\Projects\Collision Domain - Copy\Collision Domain\Debug\link.4396.read.1.tlog
C:\Users\Ash\Documents\Visual Studio 2010\Projects\Collision Domain - Copy\Collision Domain\Debug\link.4396.write.1.tlog
C:\Users\Ash\Documents\Visual Studio 2010\Projects\Collision Domain - Copy\Collision Domain\Debug\link.4396-cvtres.read.1.tlog
C:\Users\Ash\Documents\Visual Studio 2010\Projects\Collision Domain - Copy\Collision Domain\Debug\link.4396-cvtres.write.1.tlog
C:\Users\Ash\Documents\Visual Studio 2010\Projects\Collision Domain - Copy\Collision Domain\Debug\link.4844.read.1.tlog
C:\Users\Ash\Documents\Visual Studio 2010\Projects\Collision Domain - Copy\Collision Domain\Debug\link.4844.write.1.tlog
C:\Users\Ash\Documents\Visual Studio 2010\Projects\Collision Domain - Copy\Collision Domain\Debug\link.4844-cvtres.read.1.tlog
C:\Users\Ash\Documents\Visual Studio 2010\Projects\Collision Domain - Copy\Collision Domain\Debug\link.4844-cvtres.write.1.tlog
C:\Users\Ash\Documents\Visual Studio 2010\Projects\Collision Domain - Copy\Collision Domain\Debug\link.4980.read.1.tlog
C:\Users\Ash\Documents\Visual Studio 2010\Projects\Collision Domain - Copy\Collision Domain\Debug\link.4980.write.1.tlog
C:\Users\Ash\Documents\Visual Studio 2010\Projects\Collision Domain - Copy\Collision Domain\Debug\link.4980-cvtres.read.1.tlog
C:\Users\Ash\Documents\Visual Studio 2010\Projects\Collision Domain - Copy\Collision Domain\Debug\link.4980-cvtres.write.1.tlog
C:\Users\Ash\Documents\Visual Studio 2010\Projects\Collision Domain - Copy\Collision Domain\Debug\link.5264.read.1.tlog
C:\Users\Ash\Documents\Visual Studio 2010\Projects\Collision Domain - Copy\Collision Domain\Debug\link.5264.write.1.tlog
C:\Users\Ash\Documents\Visual Studio 2010\Projects\Collision Domain - Copy\Collision Domain\Debug\link.5264-cvtres.read.1.tlog
C:\Users\Ash\Documents\Visual Studio 2010\Projects\Collision Domain - Copy\Collision Domain\Debug\link.5264-cvtres.write.1.tlog
C:\Users\Ash\Documents\Visual Studio 2010\Projects\Collision Domain - Copy\Collision Domain\Debug\link.5308.read.1.tlog
C:\Users\Ash\Documents\Visual Studio 2010\Projects\Collision Domain - Copy\Collision Domain\Debug\link.5308.write.1.tlog
C:\Users\Ash\Documents\Visual Studio 2010\Projects\Collision Domain - Copy\Collision Domain\Debug\link.5308-cvtres.read.1.tlog
C:\Users\Ash\Documents\Visual Studio 2010\Projects\Collision Domain - Copy\Collision Domain\Debug\link.5308-cvtres.write.1.tlog
C:\Users\Ash\Documents\Visual Studio 2010\Projects\Collision Domain - Copy\Collision Domain\Debug\link.5472.read.1.tlog
C:\Users\Ash\Documents\Visual Studio 2010\Projects\Collision Domain - Copy\Collision Domain\Debug\link.5472.write.1.tlog
C:\Users\Ash\Documents\Visual Studio 2010\Projects\Collision Domain - Copy\Collision Domain\Debug\link.5472-cvtres.read.1.tlog
C:\Users\Ash\Documents\Visual Studio 2010\Projects\Collision Domain - Copy\Collision Domain\Debug\link.5472-cvtres.write.1.tlog
C:\Users\Ash\Documents\Visual Studio 2010\Projects\Collision Domain - Copy\Collision Domain\Debug\link.5504.read.1.tlog
C:\Users\Ash\Documents\Visual Studio 2010\Projects\Collision Domain - Copy\Collision Domain\Debug\link.5504.write.1.tlog
C:\Users\Ash\Documents\Visual Studio 2010\Projects\Collision Domain - Copy\Collision Domain\Debug\link.5504-cvtres.read.1.tlog
C:\Users\Ash\Documents\Visual Studio 2010\Projects\Collision Domain - Copy\Collision Domain\Debug\link.5504-cvtres.write.1.tlog
C:\Users\Ash\Documents\Visual Studio 2010\Projects\Collision Domain - Copy\Collision Domain\Debug\link.5640.read.1.tlog
C:\Users\Ash\Documents\Visual Studio 2010\Projects\Collision Domain - Copy\Collision Domain\Debug\link.5640.write.1.tlog
C:\Users\Ash\Documents\Visual Studio 2010\Projects\Collision Domain - Copy\Collision Domain\Debug\link.5640-cvtres.read.1.tlog
C:\Users\Ash\Documents\Visual Studio 2010\Projects\Collision Domain - Copy\Collision Domain\Debug\link.5640-cvtres.write.1.tlog
C:\Users\Ash\Documents\Visual Studio 2010\Projects\Collision Domain - Copy\Collision Domain\Debug\link.6096.read.1.tlog
C:\Users\Ash\Documents\Visual Studio 2010\Projects\Collision Domain - Copy\Collision Domain\Debug\link.6096.write.1.tlog
C:\Users\Ash\Documents\Visual Studio 2010\Projects\Collision Domain - Copy\Collision Domain\Debug\link.6096-cvtres.read.1.tlog
C:\Users\Ash\Documents\Visual Studio 2010\Projects\Collision Domain - Copy\Collision Domain\Debug\link.6096-cvtres.write.1.tlog
C:\Users\Ash\Documents\Visual Studio 2010\Projects\Collision Domain - Copy\Collision Domain\Debug\link.632.read.1.tlog
C:\Users\Ash\Documents\Visual Studio 2010\Projects\Collision Domain - Copy\Collision Domain\Debug\link.632.write.1.tlog
C:\Users\Ash\Documents\Visual Studio 2010\Projects\Collision Domain - Copy\Collision Domain\Debug\link.632-cvtres.read.1.tlog
C:\Users\Ash\Documents\Visual Studio 2010\Projects\Collision Domain - Copy\Collision Domain\Debug\link.632-cvtres.write.1.tlog
C:\Users\Ash\Documents\Visual Studio 2010\Projects\Collision Domain - Copy\Collision Domain\Debug\link.command.1.tlog
C:\Users\Ash\Documents\Visual Studio 2010\Projects\Collision Domain - Copy\Collision Domain\Debug\link.read.1.tlog
C:\Users\Ash\Documents\Visual Studio 2010\Projects\Collision Domain - Copy\Collision Domain\Debug\link.write.1.tlog
C:\Users\Ash\Documents\Visual Studio 2010\Projects\Collision Domain - Copy\Collision Domain\Debug\link-cvtres.read.1.tlog
C:\Users\Ash\Documents\Visual Studio 2010\Projects\Collision Domain - Copy\Collision Domain\Debug\link-cvtres.write.1.tlog
C:\Users\Ash\Documents\Visual Studio 2010\Projects\Collision Domain - Copy\Collision Domain\Debug\mt.command.1.tlog
C:\Users\Ash\Documents\Visual Studio 2010\Projects\Collision Domain - Copy\Collision Domain\Debug\mt.read.1.tlog
C:\Users\Ash\Documents\Visual Studio 2010\Projects\Collision Domain - Copy\Collision Domain\Debug\mt.write.1.tlog
C:\USERS\ASH\DOCUMENTS\VISUAL STUDIO 2010\PROJECTS\COLLISION DOMAIN - COPY\COLLISION DOMAIN\DEBUG\PHYSICSCORE.OBJ
C:\USERS\ASH\DOCUMENTS\VISUAL STUDIO 2010\PROJECTS\COLLISION DOMAIN - COPY\COLLISION DOMAIN\DEBUG\PLAYER.OBJ
C:\USERS\ASH\DOCUMENTS\VISUAL STUDIO 2010\PROJECTS\COLLISION DOMAIN - COPY\COLLISION DOMAIN\DEBUG\PLAYERSTATE.OBJ
C:\Users\Ash\Documents\Visual Studio 2010\Projects\Collision Domain - Copy\Collision Domain\Debug\rc.command.1.tlog
C:\Users\Ash\Documents\Visual Studio 2010\Projects\Collision Domain - Copy\Collision Domain\Debug\rc.read.1.tlog
C:\Users\Ash\Documents\Visual Studio 2010\Projects\Collision Domain - Copy\Collision Domain\Debug\rc.write.1.tlog
C:\USERS\ASH\DOCUMENTS\VISUAL STUDIO 2010\PROJECTS\COLLISION DOMAIN - COPY\COLLISION DOMAIN\DEBUG\SIMPLECOUPECAR.OBJ
C:\USERS\ASH\DOCUMENTS\VISUAL STUDIO 2010\PROJECTS\COLLISION DOMAIN - COPY\COLLISION DOMAIN\DEBUG\STDAFX.OBJ
C:\Users\Ash\Documents\Visual Studio 2010\Projects\Collision Domain - Copy\Collision Domain\Debug\vc100.idb
C:\USERS\ASH\DOCUMENTS\VISUAL STUDIO 2010\PROJECTS\COLLISION DOMAIN - COPY\COLLISION DOMAIN\DEBUG\VC100.PDB
C:\USERS\ASH\DOCUMENTS\VISUAL STUDIO 2010\PROJECTS\COLLISION DOMAIN - COPY\COLLISION DOMAIN\DEBUG\VIEWPORTMANAGER.OBJ
C:\USERS\ASH\DOCUMENTS\VISUAL STUDIO 2010\PROJECTS\COLLISION DOMAIN - COPY\DEBUG\COLLISION DOMAIN.EXE
C:\Users\Ash\Documents\Visual Studio 2010\Projects\Collision Domain - Copy\Debug\Collision Domain.exp
C:\USERS\ASH\DOCUMENTS\VISUAL STUDIO 2010\PROJECTS\COLLISION DOMAIN - COPY\DEBUG\COLLISION DOMAIN.ILK
C:\Users\Ash\Documents\Visual Studio 2010\Projects\Collision Domain - Copy\Debug\Collision Domain.lib
C:\USERS\ASH\DOCUMENTS\VISUAL STUDIO 2010\PROJECTS\COLLISION DOMAIN - COPY\DEBUG\COLLISION DOMAIN.PDB
D:\PROGRAMS\COLLISION DOMAIN\COLLISION DOMAIN\DEBUG\BULLETBUGGYCAR.OBJ
D:\PROGRAMS\COLLISION DOMAIN\COLLISION DOMAIN\DEBUG\CAR.OBJ
D:\PROGRAMS\COLLISION DOMAIN\COLLISION DOMAIN\DEBUG\CIRCULARBUFFER.OBJ
D:\PROGRAMS\COLLISION DOMAIN\COLLISION DOMAIN\DEBUG\COLLISION DOMAIN.EXE.EMBED.MANIFEST
D:\PROGRAMS\COLLISION DOMAIN\COLLISION DOMAIN\DEBUG\COLLISION DOMAIN.EXE.EMBED.MANIFEST.RES
D:\PROGRAMS\COLLISION DOMAIN\COLLISION DOMAIN\DEBUG\COLLISION DOMAIN.EXE.INTERMEDIATE.MANIFEST
D:\PROGRAMS\COLLISION DOMAIN\COLLISION DOMAIN\DEBUG\FRAME.OBJ
D:\PROGRAMS\COLLISION DOMAIN\COLLISION DOMAIN\DEBUG\GRAPHICSAPPLICATION.OBJ
D:\PROGRAMS\COLLISION DOMAIN\COLLISION DOMAIN\DEBUG\GRAPHICSCORE.OBJ
D:\PROGRAMS\COLLISION DOMAIN\COLLISION DOMAIN\DEBUG\INPUT.OBJ
D:\PROGRAMS\COLLISION DOMAIN\COLLISION DOMAIN\DEBUG\INPUTSTATE.OBJ
D:\PROGRAMS\COLLISION DOMAIN\COLLISION DOMAIN\DEBUG\PHYSICSCORE.OBJ
D:\PROGRAMS\COLLISION DOMAIN\COLLISION DOMAIN\DEBUG\PLAYER.OBJ
D:\PROGRAMS\COLLISION DOMAIN\COLLISION DOMAIN\DEBUG\PLAYERSTATE.OBJ
D:\PROGRAMS\COLLISION DOMAIN\COLLISION DOMAIN\DEBUG\SIMPLECOUPECAR.OBJ
D:\PROGRAMS\COLLISION DOMAIN\COLLISION DOMAIN\DEBUG\STDAFX.OBJ
D:\PROGRAMS\COLLISION DOMAIN\COLLISION DOMAIN\DEBUG\VC100.PDB
D:\PROGRAMS\COLLISION DOMAIN\DEBUG\COLLISION DOMAIN.EXE
D:\Programs\Collision Domain\Debug\Collision Domain.exp
D:\PROGRAMS\COLLISION DOMAIN\DEBUG\COLLISION DOMAIN.ILK
D:\Programs\Collision Domain\Debug\Collision Domain.lib
D:\PROGRAMS\COLLISION DOMAIN\DEBUG\COLLISION DOMAIN.PDB
