Build started 1/4/2012 9:53:50 PM.
     1>Project "C:\Users\Ash\Documents\Visual Studio 2010\Projects\Collision Domain - Copy\Collision Domain\Collision Domain.vcxproj" on node 2 (build target(s)).
     1>InitializeBuildStatus:
         Creating "Debug\Collision Domain.unsuccessfulbuild" because "AlwaysCreate" was specified.
       ClCompile:
         c:\Program Files\Microsoft Visual Studio 10.0\VC\bin\CL.exe /c /I"C:\OgreSDK_vc10_v1-7-3\include" /I"C:\OgreSDK_vc10_v1-7-3\include\OIS" /I"C:\OgreSDK_vc10_v1-7-3\include\OGRE" /I"C:\OgreSDK_vc10_v1-7-3\Samples\Common\include" /I"C:\OgreSDK_vc10_v1-7-3\boost_1_44" /I"C:\bullet-2.79-rev2440\bullet-2.79\src" /I"C:\Users\Ash\Documents\Visual Studio 2010\Projects\Collision Domain - Copy\Collision Domain\\base\includes" /I"C:\Users\Ash\Documents\Visual Studio 2010\Projects\Collision Domain - Copy\Collision Domain\\graphics\includes" /I"C:\Users\Ash\Documents\Visual Studio 2010\Projects\Collision Domain - Copy\Collision Domain\\networking\includes" /I"C:\Users\Ash\Documents\Visual Studio 2010\Projects\Collision Domain - Copy\Collision Domain\\physics\includes" /I"C:\Users\Ash\Documents\Visual Studio 2010\Projects\Collision Domain - Copy\Collision Domain\\base" /I"C:\Users\Ash\Documents\Visual Studio 2010\Projects\Collision Domain - Copy\Collision Domain\\graphics" /I"C:\Users\Ash\Documents\Visual Studio 2010\Projects\Collision Domain - Copy\Collision Domain\\networking" /I"C:\Users\Ash\Documents\Visual Studio 2010\Projects\Collision Domain - Copy\Collision Domain\\physics" /I"C:\Users\Ash\Documents\Visual Studio 2010\Projects\Collision Domain - Copy\Collision Domain\\" /IC:\Users\Ash\Desktop\OgreBullet\Dynamics\include /IC:\Users\Ash\Desktop\OgreBullet\Collisions\include /ZI /nologo /W3 /WX- /Od /Oy- /D WIN32 /D _DEBUG /D _WINDOWS /D _MBCS /Gm /EHsc /RTC1 /MDd /GS /fp:precise /Zc:wchar_t /Zc:forScope /Fo"Debug\\" /Fd"Debug\vc100.pdb" /Gd /TP /analyze- /errorReport:prompt gameplay\Gameplay.cpp gameplay\Team.cpp graphics\GraphicsApplication.cpp graphics\GraphicsCore.cpp  -Zm142 
         GraphicsCore.cpp
         Generating Code...
         Compiling...
         GraphicsApplication.cpp
     1>c:\users\ash\documents\visual studio 2010\projects\collision domain - copy\collision domain\graphics\graphicsapplication.cpp(225): warning C4305: 'argument' : truncation from 'double' to 'const Ogre::Real'
     1>c:\users\ash\documents\visual studio 2010\projects\collision domain - copy\collision domain\graphics\graphicsapplication.cpp(232): warning C4305: 'argument' : truncation from 'double' to 'const Ogre::Real'
         Generating Code...
         Skipping... (no relevant changes detected)
         Team.cpp
         Gameplay.cpp
       ManifestResourceCompile:
         All outputs are up-to-date.
       Link:
         c:\Program Files\Microsoft Visual Studio 10.0\VC\bin\link.exe /ERRORREPORT:PROMPT /OUT:"C:\Users\Ash\Documents\Visual Studio 2010\Projects\Collision Domain - Copy\Debug\Collision Domain.exe" /INCREMENTAL /NOLOGO /LIBPATH:"C:\OgreSDK_vc10_v1-7-3\lib\Debug" /LIBPATH:"C:\OgreSDK_vc10_v1-7-3\boost_1_44\lib" /LIBPATH:C:\Users\Ash\Desktop\OgreBullet\lib /LIBPATH:"C:\bullet-2.79-rev2440\bullet-2.79\lib" OgreTerrain_d.lib OgreMain_d.lib OIS_d.lib OgreBulletCollisions_d.lib OgreBulletDynamics_d.lib BulletCollision_debug.lib BulletDynamics_debug.lib LinearMath_debug.lib kernel32.lib user32.lib gdi32.lib winspool.lib comdlg32.lib advapi32.lib shell32.lib ole32.lib oleaut32.lib uuid.lib odbc32.lib odbccp32.lib /MANIFEST /ManifestFile:"Debug\Collision Domain.exe.intermediate.manifest" /MANIFESTUAC:"level='asInvoker' uiAccess='false'" /DEBUG /PDB:"C:\Users\Ash\Documents\Visual Studio 2010\Projects\Collision Domain - Copy\Debug\Collision Domain.pdb" /SUBSYSTEM:WINDOWS /TLBID:1 /DYNAMICBASE /NXCOMPAT /IMPLIB:"C:\Users\Ash\Documents\Visual Studio 2010\Projects\Collision Domain - Copy\Debug\Collision Domain.lib" /MACHINE:X86 "Debug\Collision Domain.exe.embed.manifest.res"
         Debug\CircularBuffer.obj
         Debug\Frame.obj
         Debug\Input.obj
         Debug\InputState.obj
         Debug\Player.obj
         Debug\PlayerState.obj
         Debug\stdafx.obj
         Debug\Gameplay.obj
         Debug\Team.obj
         Debug\GraphicsApplication.obj
         Debug\GraphicsCore.obj
         Debug\ViewportManager.obj
         Debug\Car.obj
         Debug\BulletBuggyCar.obj
         Debug\SimpleCoupeCar.obj
         Debug\PhysicsCore.obj /NODEFAULTLIB:libc.lib /NODEFAULTLIB:libcmt.lib /NODEFAULTLIB:msvcrt.lib /NODEFAULTLIB:libcd.lib /NODEFAULTLIB:libcmtd.lib 
       Manifest:
         C:\Program Files\Microsoft SDKs\Windows\v7.0A\bin\mt.exe /nologo /verbose /out:"Debug\Collision Domain.exe.embed.manifest" /manifest "Debug\Collision Domain.exe.intermediate.manifest"
         All outputs are up-to-date.
       LinkEmbedManifest:
         All outputs are up-to-date.
         Collision Domain.vcxproj -> C:\Users\Ash\Documents\Visual Studio 2010\Projects\Collision Domain - Copy\Debug\Collision Domain.exe
       PostBuildEvent:
         copy "C:\Users\Ash\Documents\Visual Studio 2010\Projects\Collision Domain - Copy\Debug\\Collision Domain.exe" "C:\OgreSDK_vc10_v1-7-3\Bin\Debug"
         :VCEnd
                 1 file(s) copied.
       FinalizeBuildStatus:
         Deleting file "Debug\Collision Domain.unsuccessfulbuild".
         Touching "Debug\Collision Domain.lastbuildstate".
     1>Done Building Project "C:\Users\Ash\Documents\Visual Studio 2010\Projects\Collision Domain - Copy\Collision Domain\Collision Domain.vcxproj" (build target(s)).

Build succeeded.

Time Elapsed 00:00:33.22
