Build started 19/12/2011 21:05:06.
     1>Project "D:\Programs\Collision Domain\Collision Domain\Collision Domain.vcxproj" on node 2 (build target(s)).
     1>InitializeBuildStatus:
         Touching "Release\Collision Domain.unsuccessfulbuild".
       ClCompile:
         c:\Program Files (x86)\Microsoft Visual Studio 10.0\VC\bin\CL.exe /c /I"C:\ProgramFiles\OgreSDK_vc10_v1-7-3\include" /I"C:\ProgramFiles\OgreSDK_vc10_v1-7-3\include\OIS" /I"C:\ProgramFiles\OgreSDK_vc10_v1-7-3\include\OGRE" /I"C:\ProgramFiles\OgreSDK_vc10_v1-7-3\Samples\Common\include" /I"C:\ProgramFiles\OgreSDK_vc10_v1-7-3\boost_1_44" /I"C:\ProgramFiles\Bullet\bullet-2.79-rev2440\src" /I"D:\Programs\Collision Domain\Collision Domain\include" /I"D:\Programs\Collision Domain\Collision Domain\Release" /Zi /nologo /W3 /WX- /O2 /Oi /Oy- /GL /D WIN32 /D NDEBUG /D _WINDOWS /D _MBCS /Gm- /EHsc /MD /GS /Gy /fp:precise /Zc:wchar_t /Zc:forScope /Fo"Release\\" /Fd"Release\vc100.pdb" /Gd /TP /analyze- /errorReport:prompt base\CircularBuffer.cpp base\Frame.cpp base\Input.cpp base\InputState.cpp base\Player.cpp base\PlayerState.cpp graphics\GraphicsApplication.cpp graphics\GraphicsCore.cpp physics\Car.cpp physics\PhysicsCore.cpp
         CircularBuffer.cpp
     1>base\CircularBuffer.cpp(8): fatal error C1083: Cannot open include file: 'stdafx.h': No such file or directory
         Frame.cpp
     1>base\Frame.cpp(7): fatal error C1083: Cannot open include file: 'stdafx.h': No such file or directory
         Input.cpp
     1>base\Input.cpp(7): fatal error C1083: Cannot open include file: 'stdafx.h': No such file or directory
         InputState.cpp
     1>base\InputState.cpp(7): fatal error C1083: Cannot open include file: 'stdafx.h': No such file or directory
         Player.cpp
     1>base\Player.cpp(7): fatal error C1083: Cannot open include file: 'stdafx.h': No such file or directory
         PlayerState.cpp
     1>base\PlayerState.cpp(7): fatal error C1083: Cannot open include file: 'stdafx.h': No such file or directory
         GraphicsApplication.cpp
     1>graphics\GraphicsApplication.cpp(8): fatal error C1083: Cannot open include file: 'stdafx.h': No such file or directory
         GraphicsCore.cpp
     1>graphics\GraphicsCore.cpp(9): fatal error C1083: Cannot open include file: 'stdafx.h': No such file or directory
         Car.cpp
     1>physics\Car.cpp(3): fatal error C1083: Cannot open include file: 'stdafx.h': No such file or directory
         PhysicsCore.cpp
     1>physics\PhysicsCore.cpp(3): fatal error C1083: Cannot open include file: 'stdafx.h': No such file or directory
     1>Done Building Project "D:\Programs\Collision Domain\Collision Domain\Collision Domain.vcxproj" (build target(s)) -- FAILED.

Build FAILED.

Time Elapsed 00:00:00.60
